========== Stack.Test.StackContractTest.Void PUT_ContainsContract(Stack.Stack`1[System.Int32], Int32)

Test generation statistics.
846    : TRIED to create test ending with this member
38     : FAILED TO CREATE: found no input arguments
0      : FAILED TO CREATE: found inputs, but new test syntactially the same as an old test
808    : SUCCEEDED in creating a new test

Test execution statistics.
808    : normal

========== Stack.Test.StackContractTest.Void PUT_CountContract(Stack.Stack`1[System.Int32])

Test generation statistics.
825    : TRIED to create test ending with this member
30     : FAILED TO CREATE: found no input arguments
3      : FAILED TO CREATE: found inputs, but new test syntactially the same as an old test
792    : SUCCEEDED in creating a new test

Test execution statistics.
792    : normal

========== Stack.Test.StackContractTest.Void PUT_PeekContract(Stack.Stack`1[System.Int32])

Test generation statistics.
821    : TRIED to create test ending with this member
28     : FAILED TO CREATE: found no input arguments
2      : FAILED TO CREATE: found inputs, but new test syntactially the same as an old test
791    : SUCCEEDED in creating a new test

Test execution statistics.
784    : normal
7      : Microsoft.Pex.Framework.Exceptions.PexAssumeFailedException

========== Stack.Test.Factories.StackFactory.Stack.Stack`1[System.Int32] Create(Int32[])

Test generation statistics.
816    : TRIED to create test ending with this member
0      : FAILED TO CREATE: found no input arguments
401    : FAILED TO CREATE: found inputs, but new test syntactially the same as an old test
415    : SUCCEEDED in creating a new test

Test execution statistics.
415    : normal

========== Stack.Test.StackContractTest.Void PUT_PopContract(Stack.Stack`1[System.Int32])

Test generation statistics.
800    : TRIED to create test ending with this member
32     : FAILED TO CREATE: found no input arguments
2      : FAILED TO CREATE: found inputs, but new test syntactially the same as an old test
766    : SUCCEEDED in creating a new test

Test execution statistics.
758    : normal
8      : Microsoft.Pex.Framework.Exceptions.PexAssumeFailedException

========== Stack.Test.StackContractTest constructor Void .ctor()

Test generation statistics.
788    : TRIED to create test ending with this member
0      : FAILED TO CREATE: found no input arguments
786    : FAILED TO CREATE: found inputs, but new test syntactially the same as an old test
2      : SUCCEEDED in creating a new test

Test execution statistics.
2      : normal

========== Stack.Test.StackContractTest.Void PUT_PushContract(Stack.Stack`1[System.Int32], Int32)

Test generation statistics.
785    : TRIED to create test ending with this member
26     : FAILED TO CREATE: found no input arguments
0      : FAILED TO CREATE: found inputs, but new test syntactially the same as an old test
759    : SUCCEEDED in creating a new test

Test execution statistics.
759    : normal

